Traceback (most recent call last):
  File "/opt/hostedtoolcache/Python/3.8.15/x64/lib/python3.8/site-packages/jupyter_cache/executors/utils.py", line 51, in single_nb_execution
    executenb(
  File "/opt/hostedtoolcache/Python/3.8.15/x64/lib/python3.8/site-packages/nbclient/client.py", line 1204, in execute
    return NotebookClient(nb=nb, resources=resources, km=km, **kwargs).execute()
  File "/opt/hostedtoolcache/Python/3.8.15/x64/lib/python3.8/site-packages/nbclient/util.py", line 84, in wrapped
    return just_run(coro(*args, **kwargs))
  File "/opt/hostedtoolcache/Python/3.8.15/x64/lib/python3.8/site-packages/nbclient/util.py", line 62, in just_run
    return loop.run_until_complete(coro)
  File "/opt/hostedtoolcache/Python/3.8.15/x64/lib/python3.8/asyncio/base_events.py", line 616, in run_until_complete
    return future.result()
  File "/opt/hostedtoolcache/Python/3.8.15/x64/lib/python3.8/site-packages/nbclient/client.py", line 663, in async_execute
    await self.async_execute_cell(
  File "/opt/hostedtoolcache/Python/3.8.15/x64/lib/python3.8/site-packages/nbclient/client.py", line 965, in async_execute_cell
    await self._check_raise_for_error(cell, cell_index, exec_reply)
  File "/opt/hostedtoolcache/Python/3.8.15/x64/lib/python3.8/site-packages/nbclient/client.py", line 862, in _check_raise_for_error
    raise CellExecutionError.from_cell_and_msg(cell, exec_reply_content)
nbclient.exceptions.CellExecutionError: An error occurred while executing the following cell:
------------------
import matplotlib.pyplot as plt # importer matplotlib
import matplotlib.dates as mdates
from datetime import datetime
import pandas as pd
import numpy as np

# Lire le fichier depuis internet (on sautera les 10 premières lignes)
url='https://github.com/guiguem/physexp2/releases/download/v1/meteo.csv'
df =  pd.read_csv(url, header=10)
# Extraction des dates des mesures
dates = df[df.columns[0]].to_list()
date_objects = [datetime.strptime(date, '%Y%m%dT%H%M') for date in dates]
# Extraction des valeurs de températeurs, d'hygrométrie et de pression (on utilise `pd.to_numeric` pour convertir en valeurs numériques)
temperatures = pd.to_numeric(df[df.columns[1]]).to_list()
hygrometries = pd.to_numeric(df[df.columns[2]]).to_list()
pressures = pd.to_numeric(df[df.columns[3]]).to_list()

# On prépare la figure
fig, ax = plt.subplots()
plt.xticks(rotation=70)
ax.xaxis.set_major_formatter(mdates.DateFormatter("%d%m"))
ax.xaxis.set_minor_formatter(mdates.DateFormatter("%d%m"))
ax.tick_params(axis='y', labelcolor="C0") # plot de y1 vs x
ax.set_ylabel("Température [C]", color="C0")
ax.set_xlabel("Dates", color="black")
# On affiche les données sur ce deuxième axe
ax.plot(date_objects,temperatures,"-", color="C0")

# On créé un second axe pour l'humidité
ax2 = ax.twinx()
ax2.xaxis.set_major_formatter(mdates.DateFormatter("%d-%m"))
ax2.xaxis.set_minor_formatter(mdates.DateFormatter("%d-%m"))
ax2.tick_params(axis='y', labelcolor="C1")
ax2.set_ylabel('Humidité relative [%]', color="C1")
# On affiche les données sur ce deuxième axe
ax2.plot(date_objects, hygrometries, color="C1")
------------------

[0;31m---------------------------------------------------------------------------[0m
[0;31mModuleNotFoundError[0m                       Traceback (most recent call last)
Cell [0;32mIn[1], line 4[0m
[1;32m      2[0m [38;5;28;01mimport[39;00m [38;5;21;01mmatplotlib[39;00m[38;5;21;01m.[39;00m[38;5;21;01mdates[39;00m [38;5;28;01mas[39;00m [38;5;21;01mmdates[39;00m
[1;32m      3[0m [38;5;28;01mfrom[39;00m [38;5;21;01mdatetime[39;00m [38;5;28;01mimport[39;00m datetime
[0;32m----> 4[0m [38;5;28;01mimport[39;00m [38;5;21;01mpandas[39;00m [38;5;28;01mas[39;00m [38;5;21;01mpd[39;00m
[1;32m      5[0m [38;5;28;01mimport[39;00m [38;5;21;01mnumpy[39;00m [38;5;28;01mas[39;00m [38;5;21;01mnp[39;00m
[1;32m      7[0m [38;5;66;03m# Lire le fichier depuis internet (on sautera les 10 premières lignes)[39;00m

[0;31mModuleNotFoundError[0m: No module named 'pandas'
ModuleNotFoundError: No module named 'pandas'

